Configuring asn1-encoding-0.9.3...
Building asn1-encoding-0.9.3...
Preprocessing library asn1-encoding-0.9.3...
[ 1 of 12] Compiling Data.ASN1.Get    ( Data/ASN1/Get.hs, dist/dist-sandbox-6fc0c9a3/build/Data/ASN1/Get.o )

Data/ASN1/Get.hs:30:1: Warning:
    The import of `Applicative'
    from module `Control.Applicative' is redundant
[ 2 of 12] Compiling Data.ASN1.Internal ( Data/ASN1/Internal.hs, dist/dist-sandbox-6fc0c9a3/build/Data/ASN1/Internal.o )
[ 3 of 12] Compiling Data.ASN1.Serialize ( Data/ASN1/Serialize.hs, dist/dist-sandbox-6fc0c9a3/build/Data/ASN1/Serialize.o )

Data/ASN1/Serialize.hs:17:1: Warning:
    The import of `Control.Applicative' is redundant
      except perhaps to import instances from `Control.Applicative'
    To import instances alone, use: import Control.Applicative()
[ 4 of 12] Compiling Data.ASN1.Object ( Data/ASN1/Object.hs, dist/dist-sandbox-6fc0c9a3/build/Data/ASN1/Object.o )
[ 5 of 12] Compiling Data.ASN1.BinaryEncoding.Writer ( Data/ASN1/BinaryEncoding/Writer.hs, dist/dist-sandbox-6fc0c9a3/build/Data/ASN1/BinaryEncoding/Writer.o )
[ 6 of 12] Compiling Data.ASN1.Stream ( Data/ASN1/Stream.hs, dist/dist-sandbox-6fc0c9a3/build/Data/ASN1/Stream.o )
[ 7 of 12] Compiling Data.ASN1.Error  ( Data/ASN1/Error.hs, dist/dist-sandbox-6fc0c9a3/build/Data/ASN1/Error.o )
[ 8 of 12] Compiling Data.ASN1.Encoding ( Data/ASN1/Encoding.hs, dist/dist-sandbox-6fc0c9a3/build/Data/ASN1/Encoding.o )
[ 9 of 12] Compiling Data.ASN1.BinaryEncoding.Parse ( Data/ASN1/BinaryEncoding/Parse.hs, dist/dist-sandbox-6fc0c9a3/build/Data/ASN1/BinaryEncoding/Parse.o )
[10 of 12] Compiling Data.ASN1.BinaryEncoding.Raw ( Data/ASN1/BinaryEncoding/Raw.hs, dist/dist-sandbox-6fc0c9a3/build/Data/ASN1/BinaryEncoding/Raw.o )
[11 of 12] Compiling Data.ASN1.Prim   ( Data/ASN1/Prim.hs, dist/dist-sandbox-6fc0c9a3/build/Data/ASN1/Prim.o )

Data/ASN1/Prim.hs:59:1: Warning:
    The import of `Control.Applicative' is redundant
      except perhaps to import instances from `Control.Applicative'
    To import instances alone, use: import Control.Applicative()
[12 of 12] Compiling Data.ASN1.BinaryEncoding ( Data/ASN1/BinaryEncoding.hs, dist/dist-sandbox-6fc0c9a3/build/Data/ASN1/BinaryEncoding.o )
In-place registering asn1-encoding-0.9.3...
Creating package registration file:
/tmp/pkgConf-asn1-encoding-0.917483496141276673168.3
Installing library in
/home/human/Workspace/Haskell/myBlog/.cabal-sandbox/lib/x86_64-linux-ghc-7.10.3/asn1-encoding-0.9.3-AWULG2H3g6SCee0eL9dbv9
Registering asn1-encoding-0.9.3...
