Configuring authenticate-1.3.3.1...
Building authenticate-1.3.3.1...
Preprocessing library authenticate-1.3.3.1...
[1 of 9] Compiling OpenId2.XRDS     ( OpenId2/XRDS.hs, dist/dist-sandbox-6fc0c9a3/build/OpenId2/XRDS.o )
[2 of 9] Compiling Web.Authenticate.OpenId.Providers ( Web/Authenticate/OpenId/Providers.hs, dist/dist-sandbox-6fc0c9a3/build/Web/Authenticate/OpenId/Providers.o )
[3 of 9] Compiling Web.Authenticate.BrowserId ( Web/Authenticate/BrowserId.hs, dist/dist-sandbox-6fc0c9a3/build/Web/Authenticate/BrowserId.o )
[4 of 9] Compiling Web.Authenticate.Internal ( Web/Authenticate/Internal.hs, dist/dist-sandbox-6fc0c9a3/build/Web/Authenticate/Internal.o )
[5 of 9] Compiling OpenId2.Types    ( OpenId2/Types.hs, dist/dist-sandbox-6fc0c9a3/build/OpenId2/Types.o )
[6 of 9] Compiling OpenId2.Normalization ( OpenId2/Normalization.hs, dist/dist-sandbox-6fc0c9a3/build/OpenId2/Normalization.o )
[7 of 9] Compiling OpenId2.Discovery ( OpenId2/Discovery.hs, dist/dist-sandbox-6fc0c9a3/build/OpenId2/Discovery.o )

OpenId2/Discovery.hs:40:1: Warning:
    The import of `Control.Applicative' is redundant
      except perhaps to import instances from `Control.Applicative'
    To import instances alone, use: import Control.Applicative()
[8 of 9] Compiling Web.Authenticate.OpenId ( Web/Authenticate/OpenId.hs, dist/dist-sandbox-6fc0c9a3/build/Web/Authenticate/OpenId.o )
[9 of 9] Compiling Web.Authenticate.Rpxnow ( Web/Authenticate/Rpxnow.hs, dist/dist-sandbox-6fc0c9a3/build/Web/Authenticate/Rpxnow.o )

Web/Authenticate/Rpxnow.hs:39:1: Warning:
    The import of `Control.Applicative' is redundant
      except perhaps to import instances from `Control.Applicative'
    To import instances alone, use: import Control.Applicative()
In-place registering authenticate-1.3.3.1...
Creating package registration file:
/tmp/pkgConf-authenticate-1.3.33642284441947346619.1
Installing library in
/home/human/Workspace/Haskell/myBlog/.cabal-sandbox/lib/x86_64-linux-ghc-7.10.3/authenticate-1.3.3.1-GNuPV1b3lF76aWdshf9ZfZ
Registering authenticate-1.3.3.1...
