Configuring blaze-markup-0.7.0.3...
Building blaze-markup-0.7.0.3...
Preprocessing library blaze-markup-0.7.0.3...
[1 of 6] Compiling Text.Blaze.Internal ( src/Text/Blaze/Internal.hs, dist/dist-sandbox-6fc0c9a3/build/Text/Blaze/Internal.o )

src/Text/Blaze/Internal.hs:74:1: Warning:
    The import of `Control.Applicative' is redundant
      except perhaps to import instances from `Control.Applicative'
    To import instances alone, use: import Control.Applicative()

src/Text/Blaze/Internal.hs:75:1: Warning:
    The import of `Data.Monoid' is redundant
      except perhaps to import instances from `Data.Monoid'
    To import instances alone, use: import Data.Monoid()
[2 of 6] Compiling Text.Blaze.Renderer.String ( src/Text/Blaze/Renderer/String.hs, dist/dist-sandbox-6fc0c9a3/build/Text/Blaze/Renderer/String.o )
[3 of 6] Compiling Text.Blaze.Renderer.Pretty ( src/Text/Blaze/Renderer/Pretty.hs, dist/dist-sandbox-6fc0c9a3/build/Text/Blaze/Renderer/Pretty.o )
[4 of 6] Compiling Text.Blaze.Renderer.Text ( src/Text/Blaze/Renderer/Text.hs, dist/dist-sandbox-6fc0c9a3/build/Text/Blaze/Renderer/Text.o )

src/Text/Blaze/Renderer/Text.hs:15:1: Warning:
    The import of `Data.Monoid' is redundant
      except perhaps to import instances from `Data.Monoid'
    To import instances alone, use: import Data.Monoid()
[5 of 6] Compiling Text.Blaze.Renderer.Utf8 ( src/Text/Blaze/Renderer/Utf8.hs, dist/dist-sandbox-6fc0c9a3/build/Text/Blaze/Renderer/Utf8.o )

src/Text/Blaze/Renderer/Utf8.hs:11:1: Warning:
    The import of `Data.Monoid' is redundant
      except perhaps to import instances from `Data.Monoid'
    To import instances alone, use: import Data.Monoid()
[6 of 6] Compiling Text.Blaze       ( src/Text/Blaze.hs, dist/dist-sandbox-6fc0c9a3/build/Text/Blaze.o )

src/Text/Blaze.hs:91:1: Warning:
    The import of `Data.Monoid' is redundant
      except perhaps to import instances from `Data.Monoid'
    To import instances alone, use: import Data.Monoid()

src/Text/Blaze.hs:92:1: Warning:
    The import of `Word' from module `Data.Word' is redundant
In-place registering blaze-markup-0.7.0.3...
Creating package registration file:
/tmp/pkgConf-blaze-markup-0.7.01927495994292218004.3
Installing library in
/home/human/Workspace/Haskell/myBlog/.cabal-sandbox/lib/x86_64-linux-ghc-7.10.3/blaze-markup-0.7.0.3-7gHcQviMQE9GGsKcO1ZT0j
Registering blaze-markup-0.7.0.3...
