Configuring conduit-combinators-1.0.3.1...
Building conduit-combinators-1.0.3.1...
Preprocessing library conduit-combinators-1.0.3.1...
[1 of 5] Compiling Data.Conduit.Combinators.Stream ( Data/Conduit/Combinators/Stream.hs, dist/dist-sandbox-6fc0c9a3/build/Data/Conduit/Combinators/Stream.o )
[2 of 5] Compiling Data.Conduit.Combinators.Internal ( Data/Conduit/Combinators/Internal.hs, dist/dist-sandbox-6fc0c9a3/build/Data/Conduit/Combinators/Internal.o )
[3 of 5] Compiling Data.Conduit.Combinators ( Data/Conduit/Combinators.hs, dist/dist-sandbox-6fc0c9a3/build/Data/Conduit/Combinators.o )
[4 of 5] Compiling Data.Conduit.Combinators.Unqualified ( Data/Conduit/Combinators/Unqualified.hs, dist/dist-sandbox-6fc0c9a3/build/Data/Conduit/Combinators/Unqualified.o )

Data/Conduit/Combinators/Unqualified.hs:192:1: Warning:
    The qualified import of `Data.Conduit.List' is redundant
      except perhaps to import instances from `Data.Conduit.List'
    To import instances alone, use: import Data.Conduit.List()

Data/Conduit/Combinators/Unqualified.hs:204:1: Warning:
    The qualified import of `Prelude' is redundant
      except perhaps to import instances from `Prelude'
    To import instances alone, use: import Prelude()
[5 of 5] Compiling Conduit          ( Conduit.hs, dist/dist-sandbox-6fc0c9a3/build/Conduit.o )
In-place registering conduit-combinators-1.0.3.1...
Creating package registration file:
/tmp/pkgConf-conduit-combinators-1.0.31869470124155324914.1
Installing library in
/home/human/Workspace/Haskell/myBlog/.cabal-sandbox/lib/x86_64-linux-ghc-7.10.3/conduit-combinators-1.0.3.1-DEEsKpcElPbFellGC1HuYF
Registering conduit-combinators-1.0.3.1...
