Configuring crypto-random-0.0.9...
Building crypto-random-0.0.9...
Preprocessing library crypto-random-0.0.9...
[1 of 8] Compiling Crypto.Random.Entropy.Source ( Crypto/Random/Entropy/Source.hs, dist/dist-sandbox-6fc0c9a3/build/Crypto/Random/Entropy/Source.o )
[2 of 8] Compiling Crypto.Random.Entropy.RDRand ( Crypto/Random/Entropy/RDRand.hs, dist/dist-sandbox-6fc0c9a3/build/Crypto/Random/Entropy/RDRand.o )
[3 of 8] Compiling Crypto.Random.Entropy.Unix ( Crypto/Random/Entropy/Unix.hs, dist/dist-sandbox-6fc0c9a3/build/Crypto/Random/Entropy/Unix.o )
[4 of 8] Compiling Crypto.Random.Test ( Crypto/Random/Test.hs, dist/dist-sandbox-6fc0c9a3/build/Crypto/Random/Test.o )

Crypto/Random/Test.hs:23:1: Warning:
    The import of `Control.Applicative' is redundant
      except perhaps to import instances from `Control.Applicative'
    To import instances alone, use: import Control.Applicative()
[5 of 8] Compiling Crypto.Random.Entropy ( Crypto/Random/Entropy.hs, dist/dist-sandbox-6fc0c9a3/build/Crypto/Random/Entropy.o )
[6 of 8] Compiling Crypto.Random.Generator ( Crypto/Random/Generator.hs, dist/dist-sandbox-6fc0c9a3/build/Crypto/Random/Generator.o )
[7 of 8] Compiling Crypto.Random    ( Crypto/Random.hs, dist/dist-sandbox-6fc0c9a3/build/Crypto/Random.o )
[8 of 8] Compiling Crypto.Random.API ( Crypto/Random/API.hs, dist/dist-sandbox-6fc0c9a3/build/Crypto/Random/API.o )
In-place registering crypto-random-0.0.9...
Creating package registration file:
/tmp/pkgConf-crypto-random-0.010617306901186631626.9
Installing library in
/home/human/Workspace/Haskell/myBlog/.cabal-sandbox/lib/x86_64-linux-ghc-7.10.3/crypto-random-0.0.9-H63HZzJIH0n8WGy1D8JZt3
Registering crypto-random-0.0.9...
