Configuring hjsmin-0.1.5.3...
Building hjsmin-0.1.5.3...
Preprocessing library hjsmin-0.1.5.3...
[1 of 2] Compiling Text.Jasmine.Pretty ( Text/Jasmine/Pretty.hs, dist/dist-sandbox-6fc0c9a3/build/Text/Jasmine/Pretty.o )

Text/Jasmine/Pretty.hs:8:1: Warning:
    The import of `Data.Monoid' is redundant
      except perhaps to import instances from `Data.Monoid'
    To import instances alone, use: import Data.Monoid()
[2 of 2] Compiling Text.Jasmine     ( Text/Jasmine.hs, dist/dist-sandbox-6fc0c9a3/build/Text/Jasmine.o )

Text/Jasmine.hs:8:1: Warning:
    The import of `Control.Applicative' is redundant
      except perhaps to import instances from `Control.Applicative'
    To import instances alone, use: import Control.Applicative()
In-place registering hjsmin-0.1.5.3...
Preprocessing executable 'hjsmin' for hjsmin-0.1.5.3...
[1 of 3] Compiling Text.Jasmine.Pretty ( Text/Jasmine/Pretty.hs, dist/dist-sandbox-6fc0c9a3/build/hjsmin/hjsmin-tmp/Text/Jasmine/Pretty.o )

Text/Jasmine/Pretty.hs:8:1: Warning:
    The import of `Data.Monoid' is redundant
      except perhaps to import instances from `Data.Monoid'
    To import instances alone, use: import Data.Monoid()
[2 of 3] Compiling Text.Jasmine     ( Text/Jasmine.hs, dist/dist-sandbox-6fc0c9a3/build/hjsmin/hjsmin-tmp/Text/Jasmine.o )

Text/Jasmine.hs:8:1: Warning:
    The import of `Control.Applicative' is redundant
      except perhaps to import instances from `Control.Applicative'
    To import instances alone, use: import Control.Applicative()
[3 of 3] Compiling Main             ( hjsmin.hs, dist/dist-sandbox-6fc0c9a3/build/hjsmin/hjsmin-tmp/Main.o )
Linking dist/dist-sandbox-6fc0c9a3/build/hjsmin/hjsmin ...
Creating package registration file:
/tmp/pkgConf-hjsmin-0.1.5394633074983631233.3
Installing library in
/home/human/Workspace/Haskell/myBlog/.cabal-sandbox/lib/x86_64-linux-ghc-7.10.3/hjsmin-0.1.5.3-DqOW5Yb2SFEITFhnsh8hxz
Installing executable(s) in
/home/human/Workspace/Haskell/myBlog/.cabal-sandbox/bin
Registering hjsmin-0.1.5.3...
