Configuring http-conduit-2.1.10...
Building http-conduit-2.1.10...
Preprocessing library http-conduit-2.1.10...
[1 of 3] Compiling Network.HTTP.Client.Conduit ( Network/HTTP/Client/Conduit.hs, dist/dist-sandbox-6fc0c9a3/build/Network/HTTP/Client/Conduit.o )

Network/HTTP/Client/Conduit.hs:52:1: Warning:
    The import of `Network.HTTP.Client' is redundant
      except perhaps to import instances from `Network.HTTP.Client'
    To import instances alone, use: import Network.HTTP.Client()
[2 of 3] Compiling Network.HTTP.Simple ( Network/HTTP/Simple.hs, dist/dist-sandbox-6fc0c9a3/build/Network/HTTP/Simple.o )
[3 of 3] Compiling Network.HTTP.Conduit ( Network/HTTP/Conduit.hs, dist/dist-sandbox-6fc0c9a3/build/Network/HTTP/Conduit.o )

Network/HTTP/Conduit.hs:233:1: Warning:
    The import of `Control.Applicative' is redundant
      except perhaps to import instances from `Control.Applicative'
    To import instances alone, use: import Control.Applicative()

Network/HTTP/Conduit.hs:234:1: Warning:
    The import of `Control.Exception.Lifted' is redundant
      except perhaps to import instances from `Control.Exception.Lifted'
    To import instances alone, use: import Control.Exception.Lifted()
In-place registering http-conduit-2.1.10...
Creating package registration file:
/tmp/pkgConf-http-conduit-2.11036140795463480570.10
Installing library in
/home/human/Workspace/Haskell/myBlog/.cabal-sandbox/lib/x86_64-linux-ghc-7.10.3/http-conduit-2.1.10-43Uyuw2nm99Be6GVHRCF33
Registering http-conduit-2.1.10...
