Configuring memory-0.12...
Building memory-0.12...
Preprocessing library memory-0.12...
[ 1 of 28] Compiling Data.Memory.MemMap.Posix ( dist/dist-sandbox-6fc0c9a3/build/Data/Memory/MemMap/Posix.hs, dist/dist-sandbox-6fc0c9a3/build/Data/Memory/MemMap/Posix.o )
[ 2 of 28] Compiling Data.Memory.Internal.DeepSeq ( Data/Memory/Internal/DeepSeq.hs, dist/dist-sandbox-6fc0c9a3/build/Data/Memory/Internal/DeepSeq.o )
[ 3 of 28] Compiling Data.Memory.Internal.CompatPrim64 ( Data/Memory/Internal/CompatPrim64.hs, dist/dist-sandbox-6fc0c9a3/build/Data/Memory/Internal/CompatPrim64.o )
[ 4 of 28] Compiling Data.Memory.Internal.CompatPrim ( Data/Memory/Internal/CompatPrim.hs, dist/dist-sandbox-6fc0c9a3/build/Data/Memory/Internal/CompatPrim.o )
[ 5 of 28] Compiling Data.Memory.Internal.Scrubber ( Data/Memory/Internal/Scrubber.hs, dist/dist-sandbox-6fc0c9a3/build/Data/Memory/Internal/Scrubber.o )
[ 6 of 28] Compiling Data.Memory.ExtendedWords ( Data/Memory/ExtendedWords.hs, dist/dist-sandbox-6fc0c9a3/build/Data/Memory/ExtendedWords.o )
[ 7 of 28] Compiling Data.Memory.Internal.Imports ( Data/Memory/Internal/Imports.hs, dist/dist-sandbox-6fc0c9a3/build/Data/Memory/Internal/Imports.o )
[ 8 of 28] Compiling Data.Memory.PtrMethods ( Data/Memory/PtrMethods.hs, dist/dist-sandbox-6fc0c9a3/build/Data/Memory/PtrMethods.o )
[ 9 of 28] Compiling Data.Memory.Internal.Compat ( Data/Memory/Internal/Compat.hs, dist/dist-sandbox-6fc0c9a3/build/Data/Memory/Internal/Compat.o )
[10 of 28] Compiling Data.Memory.Encoding.Base16 ( Data/Memory/Encoding/Base16.hs, dist/dist-sandbox-6fc0c9a3/build/Data/Memory/Encoding/Base16.o )
[11 of 28] Compiling Data.Memory.Encoding.Base32 ( Data/Memory/Encoding/Base32.hs, dist/dist-sandbox-6fc0c9a3/build/Data/Memory/Encoding/Base32.o )
[12 of 28] Compiling Data.Memory.Encoding.Base64 ( Data/Memory/Encoding/Base64.hs, dist/dist-sandbox-6fc0c9a3/build/Data/Memory/Encoding/Base64.o )
[13 of 28] Compiling Data.Memory.Endian ( Data/Memory/Endian.hs, dist/dist-sandbox-6fc0c9a3/build/Data/Memory/Endian.o )
[14 of 28] Compiling Data.Memory.Hash.SipHash ( Data/Memory/Hash/SipHash.hs, dist/dist-sandbox-6fc0c9a3/build/Data/Memory/Hash/SipHash.o )
[15 of 28] Compiling Data.Memory.Hash.FNV ( Data/Memory/Hash/FNV.hs, dist/dist-sandbox-6fc0c9a3/build/Data/Memory/Hash/FNV.o )
[16 of 28] Compiling Data.ByteArray.Types ( Data/ByteArray/Types.hs, dist/dist-sandbox-6fc0c9a3/build/Data/ByteArray/Types.o )

Data/ByteArray/Types.hs:15:1: Warning:
    The import of `Data.Monoid' is redundant
      except perhaps to import instances from `Data.Monoid'
    To import instances alone, use: import Data.Monoid()
[17 of 28] Compiling Data.ByteArray.Bytes ( Data/ByteArray/Bytes.hs, dist/dist-sandbox-6fc0c9a3/build/Data/ByteArray/Bytes.o )

Data/ByteArray/Bytes.hs:20:1: Warning:
    The import of `Data.Monoid' is redundant
      except perhaps to import instances from `Data.Monoid'
    To import instances alone, use: import Data.Monoid()
[18 of 28] Compiling Data.ByteArray.ScrubbedBytes ( Data/ByteArray/ScrubbedBytes.hs, dist/dist-sandbox-6fc0c9a3/build/Data/ByteArray/ScrubbedBytes.o )

Data/ByteArray/ScrubbedBytes.hs:19:1: Warning:
    The import of `Data.Monoid' is redundant
      except perhaps to import instances from `Data.Monoid'
    To import instances alone, use: import Data.Monoid()
[19 of 28] Compiling Data.ByteArray.MemView ( Data/ByteArray/MemView.hs, dist/dist-sandbox-6fc0c9a3/build/Data/ByteArray/MemView.o )
[20 of 28] Compiling Data.ByteArray.Pack.Internal ( Data/ByteArray/Pack/Internal.hs, dist/dist-sandbox-6fc0c9a3/build/Data/ByteArray/Pack/Internal.o )

Data/ByteArray/Pack/Internal.hs:20:1: Warning:
    The import of `Data.Memory.Internal.Imports' is redundant
      except perhaps to import instances from `Data.Memory.Internal.Imports'
    To import instances alone, use: import Data.Memory.Internal.Imports()
[21 of 28] Compiling Data.ByteArray.Methods ( Data/ByteArray/Methods.hs, dist/dist-sandbox-6fc0c9a3/build/Data/ByteArray/Methods.o )
[22 of 28] Compiling Data.ByteArray.View ( Data/ByteArray/View.hs, dist/dist-sandbox-6fc0c9a3/build/Data/ByteArray/View.o )
[23 of 28] Compiling Data.ByteArray.Encoding ( Data/ByteArray/Encoding.hs, dist/dist-sandbox-6fc0c9a3/build/Data/ByteArray/Encoding.o )
[24 of 28] Compiling Data.ByteArray.Mapping ( Data/ByteArray/Mapping.hs, dist/dist-sandbox-6fc0c9a3/build/Data/ByteArray/Mapping.o )

Data/ByteArray/Mapping.hs:16:1: Warning:
    The import of `Data.Bits' is redundant
      except perhaps to import instances from `Data.Bits'
    To import instances alone, use: import Data.Bits()
[25 of 28] Compiling Data.ByteArray.Parse ( Data/ByteArray/Parse.hs, dist/dist-sandbox-6fc0c9a3/build/Data/ByteArray/Parse.o )
[26 of 28] Compiling Data.ByteArray.Hash ( Data/ByteArray/Hash.hs, dist/dist-sandbox-6fc0c9a3/build/Data/ByteArray/Hash.o )
[27 of 28] Compiling Data.ByteArray   ( Data/ByteArray.hs, dist/dist-sandbox-6fc0c9a3/build/Data/ByteArray.o )
[28 of 28] Compiling Data.ByteArray.Pack ( Data/ByteArray/Pack.hs, dist/dist-sandbox-6fc0c9a3/build/Data/ByteArray/Pack.o )
In-place registering memory-0.12...
Creating package registration file:
/tmp/pkgConf-memory-03521186061782436840.12
Installing library in
/home/human/Workspace/Haskell/myBlog/.cabal-sandbox/lib/x86_64-linux-ghc-7.10.3/memory-0.12-Ax7qupEQgxCDhyhN5xpnFa
Registering memory-0.12...
