Configuring monad-logger-0.3.18...
Building monad-logger-0.3.18...
Preprocessing library monad-logger-0.3.18...
[1 of 1] Compiling Control.Monad.Logger ( Control/Monad/Logger.hs, dist/dist-sandbox-6fc0c9a3/build/Control/Monad/Logger.o )

Control/Monad/Logger.hs:115:1: Warning:
    Module `Control.Monad.Trans.Error' is deprecated:
      Use Control.Monad.Trans.Except instead

Control/Monad/Logger.hs:220:26: Warning:
    In the use of type constructor or class `Error'
    (imported from Control.Monad.Trans.Error):
    Deprecated: "Use Control.Monad.Trans.Except instead"

Control/Monad/Logger.hs:220:51: Warning:
    In the use of type constructor or class `ErrorT'
    (imported from Control.Monad.Trans.Error):
    Deprecated: "Use Control.Monad.Trans.Except instead"

Control/Monad/Logger.hs:238:28: Warning:
    In the use of type constructor or class `Error'
    (imported from Control.Monad.Trans.Error):
    Deprecated: "Use Control.Monad.Trans.Except instead"

Control/Monad/Logger.hs:238:55: Warning:
    In the use of type constructor or class `ErrorT'
    (imported from Control.Monad.Trans.Error):
    Deprecated: "Use Control.Monad.Trans.Except instead"
In-place registering monad-logger-0.3.18...
Creating package registration file:
/tmp/pkgConf-monad-logger-0.31265122573124666328.18
Installing library in
/home/human/Workspace/Haskell/myBlog/.cabal-sandbox/lib/x86_64-linux-ghc-7.10.3/monad-logger-0.3.18-5ySTsZtprewIFP6yp8YDMz
Registering monad-logger-0.3.18...
