Configuring optparse-applicative-0.12.1.0...
Building optparse-applicative-0.12.1.0...
Preprocessing library optparse-applicative-0.12.1.0...
[ 1 of 15] Compiling Options.Applicative.Help.Pretty ( Options/Applicative/Help/Pretty.hs, dist/dist-sandbox-6fc0c9a3/build/Options/Applicative/Help/Pretty.o )
[ 2 of 15] Compiling Options.Applicative.Help.Chunk ( Options/Applicative/Help/Chunk.hs, dist/dist-sandbox-6fc0c9a3/build/Options/Applicative/Help/Chunk.o )

Options/Applicative/Help/Chunk.hs:21:1: Warning:
    The import of `Data.Monoid' is redundant
      except perhaps to import instances from `Data.Monoid'
    To import instances alone, use: import Data.Monoid()
[ 3 of 15] Compiling Options.Applicative.Help.Types ( Options/Applicative/Help/Types.hs, dist/dist-sandbox-6fc0c9a3/build/Options/Applicative/Help/Types.o )

Options/Applicative/Help/Types.hs:6:1: Warning:
    The import of `Data.Monoid' is redundant
      except perhaps to import instances from `Data.Monoid'
    To import instances alone, use: import Data.Monoid()
[ 4 of 15] Compiling Options.Applicative.Types ( Options/Applicative/Types.hs, dist/dist-sandbox-6fc0c9a3/build/Options/Applicative/Types.o )

Options/Applicative/Types.hs:42:1: Warning:
    The import of `Applicative, <$>'
    from module `Control.Applicative' is redundant

Options/Applicative/Types.hs:48:1: Warning:
    The import of `Data.Monoid' is redundant
      except perhaps to import instances from `Data.Monoid'
    To import instances alone, use: import Data.Monoid()
[ 5 of 15] Compiling Options.Applicative.Internal ( Options/Applicative/Internal.hs, dist/dist-sandbox-6fc0c9a3/build/Options/Applicative/Internal.o )

Options/Applicative/Internal.hs:32:1: Warning:
    The import of `Applicative, <$>'
    from module `Control.Applicative' is redundant
[ 6 of 15] Compiling Options.Applicative.Builder.Completer ( Options/Applicative/Builder/Completer.hs, dist/dist-sandbox-6fc0c9a3/build/Options/Applicative/Builder/Completer.o )

Options/Applicative/Builder/Completer.hs:9:1: Warning:
    The import of `Control.Applicative' is redundant
      except perhaps to import instances from `Control.Applicative'
    To import instances alone, use: import Control.Applicative()
[ 7 of 15] Compiling Options.Applicative.Common ( Options/Applicative/Common.hs, dist/dist-sandbox-6fc0c9a3/build/Options/Applicative/Common.o )

Options/Applicative/Common.hs:55:1: Warning:
    The import of `<*>, pure, <$, <*, *>, <$>'
    from module `Control.Applicative' is redundant

Options/Applicative/Common.hs:62:1: Warning:
    The import of `Data.Monoid' is redundant
      except perhaps to import instances from `Data.Monoid'
    To import instances alone, use: import Data.Monoid()
[ 8 of 15] Compiling Options.Applicative.Builder.Internal ( Options/Applicative/Builder/Internal.hs, dist/dist-sandbox-6fc0c9a3/build/Options/Applicative/Builder/Internal.o )

Options/Applicative/Builder/Internal.hs:26:1: Warning:
    The import of `<*>, pure'
    from module `Control.Applicative' is redundant

Options/Applicative/Builder/Internal.hs:28:1: Warning:
    The import of `Data.Monoid' is redundant
      except perhaps to import instances from `Data.Monoid'
    To import instances alone, use: import Data.Monoid()
[ 9 of 15] Compiling Options.Applicative.Builder ( Options/Applicative/Builder.hs, dist/dist-sandbox-6fc0c9a3/build/Options/Applicative/Builder.o )

Options/Applicative/Builder.hs:98:1: Warning:
    The import of `pure' from module `Control.Applicative' is redundant

Options/Applicative/Builder.hs:99:1: Warning:
    The import of `Monoid' from module `Data.Monoid' is redundant
[10 of 15] Compiling Options.Applicative.BashCompletion ( Options/Applicative/BashCompletion.hs, dist/dist-sandbox-6fc0c9a3/build/Options/Applicative/BashCompletion.o )

Options/Applicative/BashCompletion.hs:10:1: Warning:
    The import of `<*>, <$>'
    from module `Control.Applicative' is redundant
[11 of 15] Compiling Options.Applicative.Help.Core ( Options/Applicative/Help/Core.hs, dist/dist-sandbox-6fc0c9a3/build/Options/Applicative/Help/Core.o )

Options/Applicative/Help/Core.hs:18:1: Warning:
    The import of `Data.Monoid' is redundant
      except perhaps to import instances from `Data.Monoid'
    To import instances alone, use: import Data.Monoid()
[12 of 15] Compiling Options.Applicative.Help ( Options/Applicative/Help.hs, dist/dist-sandbox-6fc0c9a3/build/Options/Applicative/Help.o )
[13 of 15] Compiling Options.Applicative.Extra ( Options/Applicative/Extra.hs, dist/dist-sandbox-6fc0c9a3/build/Options/Applicative/Extra.o )

Options/Applicative/Extra.hs:24:1: Warning:
    The import of `pure, <$>'
    from module `Control.Applicative' is redundant

Options/Applicative/Extra.hs:25:1: Warning:
    The import of `Data.Monoid' is redundant
      except perhaps to import instances from `Data.Monoid'
    To import instances alone, use: import Data.Monoid()
[14 of 15] Compiling Options.Applicative ( Options/Applicative.hs, dist/dist-sandbox-6fc0c9a3/build/Options/Applicative.o )
[15 of 15] Compiling Options.Applicative.Arrows ( Options/Applicative/Arrows.hs, dist/dist-sandbox-6fc0c9a3/build/Options/Applicative/Arrows.o )
In-place registering optparse-applicative-0.12.1.0...
Creating package registration file:
/tmp/pkgConf-optparse-applicative-0.12.1655495367561717988.0
Installing library in
/home/human/Workspace/Haskell/myBlog/.cabal-sandbox/lib/x86_64-linux-ghc-7.10.3/optparse-applicative-0.12.1.0-FpNJ7fLofFNEy3rK4ZnBoD
Registering optparse-applicative-0.12.1.0...
