Configuring profunctors-5.2...
Building profunctors-5.2...
Preprocessing library profunctors-5.2...
[ 1 of 15] Compiling Data.Profunctor.Unsafe ( src/Data/Profunctor/Unsafe.hs, dist/dist-sandbox-6fc0c9a3/build/Data/Profunctor/Unsafe.o )
[ 2 of 15] Compiling Data.Profunctor.Types ( src/Data/Profunctor/Types.hs, dist/dist-sandbox-6fc0c9a3/build/Data/Profunctor/Types.o )
[ 3 of 15] Compiling Data.Profunctor.Monad ( src/Data/Profunctor/Monad.hs, dist/dist-sandbox-6fc0c9a3/build/Data/Profunctor/Monad.o )
[ 4 of 15] Compiling Data.Profunctor.Adjunction ( src/Data/Profunctor/Adjunction.hs, dist/dist-sandbox-6fc0c9a3/build/Data/Profunctor/Adjunction.o )
[ 5 of 15] Compiling Data.Profunctor.Strong ( src/Data/Profunctor/Strong.hs, dist/dist-sandbox-6fc0c9a3/build/Data/Profunctor/Strong.o )
[ 6 of 15] Compiling Data.Profunctor.Closed ( src/Data/Profunctor/Closed.hs, dist/dist-sandbox-6fc0c9a3/build/Data/Profunctor/Closed.o )
[ 7 of 15] Compiling Data.Profunctor.Choice ( src/Data/Profunctor/Choice.hs, dist/dist-sandbox-6fc0c9a3/build/Data/Profunctor/Choice.o )
[ 8 of 15] Compiling Data.Profunctor.Traversing ( src/Data/Profunctor/Traversing.hs, dist/dist-sandbox-6fc0c9a3/build/Data/Profunctor/Traversing.o )
[ 9 of 15] Compiling Data.Profunctor.Mapping ( src/Data/Profunctor/Mapping.hs, dist/dist-sandbox-6fc0c9a3/build/Data/Profunctor/Mapping.o )
[10 of 15] Compiling Data.Profunctor  ( src/Data/Profunctor.hs, dist/dist-sandbox-6fc0c9a3/build/Data/Profunctor.o )
[11 of 15] Compiling Data.Profunctor.Cayley ( src/Data/Profunctor/Cayley.hs, dist/dist-sandbox-6fc0c9a3/build/Data/Profunctor/Cayley.o )
[12 of 15] Compiling Data.Profunctor.Sieve ( src/Data/Profunctor/Sieve.hs, dist/dist-sandbox-6fc0c9a3/build/Data/Profunctor/Sieve.o )
[13 of 15] Compiling Data.Profunctor.Rep ( src/Data/Profunctor/Rep.hs, dist/dist-sandbox-6fc0c9a3/build/Data/Profunctor/Rep.o )
[14 of 15] Compiling Data.Profunctor.Composition ( src/Data/Profunctor/Composition.hs, dist/dist-sandbox-6fc0c9a3/build/Data/Profunctor/Composition.o )
[15 of 15] Compiling Data.Profunctor.Ran ( src/Data/Profunctor/Ran.hs, dist/dist-sandbox-6fc0c9a3/build/Data/Profunctor/Ran.o )
In-place registering profunctors-5.2...
Creating package registration file:
/tmp/pkgConf-profunctors-5115572260435756851.2
Installing library in
/home/human/Workspace/Haskell/myBlog/.cabal-sandbox/lib/x86_64-linux-ghc-7.10.3/profunctors-5.2-846YwTVbm1PClILdXV6SfP
Registering profunctors-5.2...
