Configuring shakespeare-2.0.8.2...
Building shakespeare-2.0.8.2...
Preprocessing library shakespeare-2.0.8.2...
[ 1 of 18] Compiling Text.MkSizeType  ( Text/MkSizeType.hs, dist/dist-sandbox-6fc0c9a3/build/Text/MkSizeType.o )
[ 2 of 18] Compiling Text.IndentToBrace ( Text/IndentToBrace.hs, dist/dist-sandbox-6fc0c9a3/build/Text/IndentToBrace.o )
[ 3 of 18] Compiling Text.Shakespeare.Base ( Text/Shakespeare/Base.hs, dist/dist-sandbox-6fc0c9a3/build/Text/Shakespeare/Base.o )
[ 4 of 18] Compiling Text.Hamlet.Parse ( Text/Hamlet/Parse.hs, dist/dist-sandbox-6fc0c9a3/build/Text/Hamlet/Parse.o )

Text/Hamlet/Parse.hs:24:1: Warning:
    The import of `Control.Applicative' is redundant
      except perhaps to import instances from `Control.Applicative'
    To import instances alone, use: import Control.Applicative()
[ 5 of 18] Compiling Text.Hamlet      ( Text/Hamlet.hs, dist/dist-sandbox-6fc0c9a3/build/Text/Hamlet.o )

Text/Hamlet.hs:65:1: Warning:
    The import of `Data.Monoid' is redundant
      except perhaps to import instances from `Data.Monoid'
    To import instances alone, use: import Data.Monoid()

Text/Hamlet.hs:469:1: Warning: Defined but not used: `varName'

Text/Hamlet.hs:473:1: Warning: Defined but not used: `strToExp'

Text/Hamlet.hs:506:16: Warning: Defined but not used: `html'

Text/Hamlet.hs:507:14: Warning: Defined but not used: `url'

Text/Hamlet.hs:508:19: Warning: Defined but not used: `url'

Text/Hamlet.hs:509:16: Warning: Defined but not used: `url'

Text/Hamlet.hs:510:20: Warning: Defined but not used: `msg_url'

Text/Hamlet.hs:511:14: Warning: Defined but not used: `msg'

Text/Hamlet.hs:555:43: Warning:
    This binding for `c' shadows the existing binding
      bound at Text/Hamlet.hs:551:13
[ 6 of 18] Compiling Text.Hamlet.RT   ( Text/Hamlet/RT.hs, dist/dist-sandbox-6fc0c9a3/build/Text/Hamlet/RT.o )

Text/Hamlet/RT.hs:21:1: Warning:
    The import of `Data.Monoid' is redundant
      except perhaps to import instances from `Data.Monoid'
    To import instances alone, use: import Data.Monoid()

Text/Hamlet/RT.hs:80:13: Warning: Defined but not used: `x'

Text/Hamlet/RT.hs:80:26: Warning: Defined but not used: `deref'

Text/Hamlet/RT.hs:80:45: Warning: Defined but not used: `docs'

Text/Hamlet/RT.hs:87:13: Warning: Defined but not used: `x'

Text/Hamlet/RT.hs:87:25: Warning: Defined but not used: `deref'

Text/Hamlet/RT.hs:87:44: Warning: Defined but not used: `jdocs'

Text/Hamlet/RT.hs:87:50: Warning: Defined but not used: `ndocs'

Text/Hamlet/RT.hs:117:37: Warning:
    This binding for `x' shadows the existing binding
      bound at Text/Hamlet/RT.hs:110:13
[ 7 of 18] Compiling Text.Hamlet.Runtime ( Text/Hamlet/Runtime.hs, dist/dist-sandbox-6fc0c9a3/build/Text/Hamlet/Runtime.o )
[ 8 of 18] Compiling Text.Shakespeare ( Text/Shakespeare.hs, dist/dist-sandbox-6fc0c9a3/build/Text/Shakespeare.o )
[ 9 of 18] Compiling Text.Shakespeare.Text ( Text/Shakespeare/Text.hs, dist/dist-sandbox-6fc0c9a3/build/Text/Shakespeare/Text.o )
[10 of 18] Compiling Text.Julius      ( Text/Julius.hs, dist/dist-sandbox-6fc0c9a3/build/Text/Julius.o )
[11 of 18] Compiling Text.Roy         ( Text/Roy.hs, dist/dist-sandbox-6fc0c9a3/build/Text/Roy.o )
[12 of 18] Compiling Text.Coffee      ( Text/Coffee.hs, dist/dist-sandbox-6fc0c9a3/build/Text/Coffee.o )
[13 of 18] Compiling Text.Css         ( Text/Css.hs, dist/dist-sandbox-6fc0c9a3/build/Text/Css.o )

Text/Css.hs:15:1: Warning:
    The import of `Data.Monoid' is redundant
      except perhaps to import instances from `Data.Monoid'
    To import instances alone, use: import Data.Monoid()

Text/Css.hs:23:1: Warning:
    The import of `Control.Applicative' is redundant
      except perhaps to import instances from `Control.Applicative'
    To import instances alone, use: import Control.Applicative()

Text/Css.hs:349:40: Warning: Defined but not used: `subblocks'

Text/Css.hs:367:5: Warning: Defined but not used: `subGo'
[14 of 18] Compiling Text.CssCommon   ( Text/CssCommon.hs, dist/dist-sandbox-6fc0c9a3/build/Text/CssCommon.o )
[15 of 18] Compiling Text.Lucius      ( Text/Lucius.hs, dist/dist-sandbox-6fc0c9a3/build/Text/Lucius.o )

Text/Lucius.hs:64:1: Warning:
    The import of `Control.Applicative' is redundant
      except perhaps to import instances from `Control.Applicative'
    To import instances alone, use: import Control.Applicative()

Text/Lucius.hs:66:1: Warning:
    The import of `Data.Monoid' is redundant
      except perhaps to import instances from `Data.Monoid'
    To import instances alone, use: import Data.Monoid()
[16 of 18] Compiling Text.Cassius     ( Text/Cassius.hs, dist/dist-sandbox-6fc0c9a3/build/Text/Cassius.o )
[17 of 18] Compiling Text.TypeScript  ( Text/TypeScript.hs, dist/dist-sandbox-6fc0c9a3/build/Text/TypeScript.o )
[18 of 18] Compiling Text.Shakespeare.I18N ( Text/Shakespeare/I18N.hs, dist/dist-sandbox-6fc0c9a3/build/Text/Shakespeare/I18N.o )

Text/Shakespeare/I18N.hs:65:1: Warning:
    The import of `Control.Applicative' is redundant
      except perhaps to import instances from `Control.Applicative'
    To import instances alone, use: import Control.Applicative()

Text/Shakespeare/I18N.hs:79:1: Warning:
    The import of `Data.Monoid' is redundant
      except perhaps to import instances from `Data.Monoid'
    To import instances alone, use: import Data.Monoid()
In-place registering shakespeare-2.0.8.2...
Creating package registration file:
/tmp/pkgConf-shakespeare-2.0.81260596963362575055.2
Installing library in
/home/human/Workspace/Haskell/myBlog/.cabal-sandbox/lib/x86_64-linux-ghc-7.10.3/shakespeare-2.0.8.2-BlgJzWjHYSZIvapSBpMJAk
Registering shakespeare-2.0.8.2...
