Configuring socks-0.5.4...
Building socks-0.5.4...
Preprocessing library socks-0.5.4...
[1 of 6] Compiling Network.Socks5.Types ( Network/Socks5/Types.hs, dist/dist-sandbox-6fc0c9a3/build/Network/Socks5/Types.o )
[2 of 6] Compiling Network.Socks5.Wire ( Network/Socks5/Wire.hs, dist/dist-sandbox-6fc0c9a3/build/Network/Socks5/Wire.o )

Network/Socks5/Wire.hs:15:1: Warning:
    The import of `Control.Applicative' is redundant
      except perhaps to import instances from `Control.Applicative'
    To import instances alone, use: import Control.Applicative()
[3 of 6] Compiling Network.Socks5.Command ( Network/Socks5/Command.hs, dist/dist-sandbox-6fc0c9a3/build/Network/Socks5/Command.o )

Network/Socks5/Command.hs:25:1: Warning:
    The import of `Control.Applicative' is redundant
      except perhaps to import instances from `Control.Applicative'
    To import instances alone, use: import Control.Applicative()
[4 of 6] Compiling Network.Socks5.Lowlevel ( Network/Socks5/Lowlevel.hs, dist/dist-sandbox-6fc0c9a3/build/Network/Socks5/Lowlevel.o )
[5 of 6] Compiling Network.Socks5.Conf ( Network/Socks5/Conf.hs, dist/dist-sandbox-6fc0c9a3/build/Network/Socks5/Conf.o )
[6 of 6] Compiling Network.Socks5   ( Network/Socks5.hs, dist/dist-sandbox-6fc0c9a3/build/Network/Socks5.o )
In-place registering socks-0.5.4...
Creating package registration file:
/tmp/pkgConf-socks-0.55017728901781999754.4
Installing library in
/home/human/Workspace/Haskell/myBlog/.cabal-sandbox/lib/x86_64-linux-ghc-7.10.3/socks-0.5.4-BZJ6e1EePGtK56UKTxGOcA
Registering socks-0.5.4...
