Configuring tagsoup-0.13.9...
Building tagsoup-0.13.9...
Preprocessing library tagsoup-0.13.9...
[ 1 of 13] Compiling Text.HTML.TagSoup.Entity ( Text/HTML/TagSoup/Entity.hs, dist/dist-sandbox-6fc0c9a3/build/Text/HTML/TagSoup/Entity.o )
[ 2 of 13] Compiling Text.StringLike  ( Text/StringLike.hs, dist/dist-sandbox-6fc0c9a3/build/Text/StringLike.o )
[ 3 of 13] Compiling Text.HTML.TagSoup.Type ( Text/HTML/TagSoup/Type.hs, dist/dist-sandbox-6fc0c9a3/build/Text/HTML/TagSoup/Type.o )
[ 4 of 13] Compiling Text.HTML.TagSoup.Match ( Text/HTML/TagSoup/Match.hs, dist/dist-sandbox-6fc0c9a3/build/Text/HTML/TagSoup/Match.o )
[ 5 of 13] Compiling Text.HTML.TagSoup.Options ( Text/HTML/TagSoup/Options.hs, dist/dist-sandbox-6fc0c9a3/build/Text/HTML/TagSoup/Options.o )
[ 6 of 13] Compiling Text.HTML.TagSoup.Implementation ( Text/HTML/TagSoup/Implementation.hs, dist/dist-sandbox-6fc0c9a3/build/Text/HTML/TagSoup/Implementation.o )
[ 7 of 13] Compiling Text.HTML.TagSoup.Specification ( Text/HTML/TagSoup/Specification.hs, dist/dist-sandbox-6fc0c9a3/build/Text/HTML/TagSoup/Specification.o )
[ 8 of 13] Compiling Text.HTML.TagSoup.Manual ( Text/HTML/TagSoup/Manual.hs, dist/dist-sandbox-6fc0c9a3/build/Text/HTML/TagSoup/Manual.o )
[ 9 of 13] Compiling Text.HTML.TagSoup.Generated ( Text/HTML/TagSoup/Generated.hs, dist/dist-sandbox-6fc0c9a3/build/Text/HTML/TagSoup/Generated.o )
[10 of 13] Compiling Text.HTML.TagSoup.Render ( Text/HTML/TagSoup/Render.hs, dist/dist-sandbox-6fc0c9a3/build/Text/HTML/TagSoup/Render.o )
[11 of 13] Compiling Text.HTML.TagSoup.Parser ( Text/HTML/TagSoup/Parser.hs, dist/dist-sandbox-6fc0c9a3/build/Text/HTML/TagSoup/Parser.o )
[12 of 13] Compiling Text.HTML.TagSoup ( Text/HTML/TagSoup.hs, dist/dist-sandbox-6fc0c9a3/build/Text/HTML/TagSoup.o )
[13 of 13] Compiling Text.HTML.TagSoup.Tree ( Text/HTML/TagSoup/Tree.hs, dist/dist-sandbox-6fc0c9a3/build/Text/HTML/TagSoup/Tree.o )
In-place registering tagsoup-0.13.9...
Creating package registration file:
/tmp/pkgConf-tagsoup-0.1317043650841176911340.9
Installing library in
/home/human/Workspace/Haskell/myBlog/.cabal-sandbox/lib/x86_64-linux-ghc-7.10.3/tagsoup-0.13.9-2S33BxJAzNZ6xXb2pyarsp
Registering tagsoup-0.13.9...
