Configuring tagstream-conduit-0.5.5.3...
Building tagstream-conduit-0.5.5.3...
Preprocessing library tagstream-conduit-0.5.5.3...
[1 of 6] Compiling Text.HTML.TagStream.Types ( Text/HTML/TagStream/Types.hs, dist/dist-sandbox-6fc0c9a3/build/Text/HTML/TagStream/Types.o )

Text/HTML/TagStream/Types.hs:3:1: Warning:
    The import of `Control.Applicative' is redundant
      except perhaps to import instances from `Control.Applicative'
    To import instances alone, use: import Control.Applicative()

Text/HTML/TagStream/Types.hs:5:1: Warning:
    The import of `Data.Monoid' is redundant
      except perhaps to import instances from `Data.Monoid'
    To import instances alone, use: import Data.Monoid()

Text/HTML/TagStream/Types.hs:6:1: Warning:
    The import of `Data.Foldable' is redundant
      except perhaps to import instances from `Data.Foldable'
    To import instances alone, use: import Data.Foldable()

Text/HTML/TagStream/Types.hs:7:1: Warning:
    The import of `Data.Traversable' is redundant
      except perhaps to import instances from `Data.Traversable'
    To import instances alone, use: import Data.Traversable()
[2 of 6] Compiling Text.HTML.TagStream.Entities ( Text/HTML/TagStream/Entities.hs, dist/dist-sandbox-6fc0c9a3/build/Text/HTML/TagStream/Entities.o )
[3 of 6] Compiling Text.HTML.TagStream.Utils ( Text/HTML/TagStream/Utils.hs, dist/dist-sandbox-6fc0c9a3/build/Text/HTML/TagStream/Utils.o )

Text/HTML/TagStream/Utils.hs:4:1: Warning:
    The import of `Data.Monoid' is redundant
      except perhaps to import instances from `Data.Monoid'
    To import instances alone, use: import Data.Monoid()
[4 of 6] Compiling Text.HTML.TagStream.ByteString ( Text/HTML/TagStream/ByteString.hs, dist/dist-sandbox-6fc0c9a3/build/Text/HTML/TagStream/ByteString.o )

Text/HTML/TagStream/ByteString.hs:16:1: Warning:
    The import of `Data.Monoid' is redundant
      except perhaps to import instances from `Data.Monoid'
    To import instances alone, use: import Data.Monoid()
[5 of 6] Compiling Text.HTML.TagStream.Text ( Text/HTML/TagStream/Text.hs, dist/dist-sandbox-6fc0c9a3/build/Text/HTML/TagStream/Text.o )

Text/HTML/TagStream/Text.hs:22:1: Warning:
    The import of `Data.Monoid' is redundant
      except perhaps to import instances from `Data.Monoid'
    To import instances alone, use: import Data.Monoid()

Text/HTML/TagStream/Text.hs:162:14: Warning:
    In the use of `XML.parseText'
    (imported from Text.XML.Stream.Parse):
    Deprecated: "Please use 'parseText'' or 'parseTextPos'."
[6 of 6] Compiling Text.HTML.TagStream ( Text/HTML/TagStream.hs, dist/dist-sandbox-6fc0c9a3/build/Text/HTML/TagStream.o )
In-place registering tagstream-conduit-0.5.5.3...
Creating package registration file:
/tmp/pkgConf-tagstream-conduit-0.5.5336465782861021530.3
Installing library in
/home/human/Workspace/Haskell/myBlog/.cabal-sandbox/lib/x86_64-linux-ghc-7.10.3/tagstream-conduit-0.5.5.3-7RxhbQIQslbJSzMhq3MbTG
Registering tagstream-conduit-0.5.5.3...
