Configuring yaml-0.8.17.1...
Building yaml-0.8.17.1...
Preprocessing library yaml-0.8.17.1...
[1 of 9] Compiling Text.Libyaml     ( Text/Libyaml.hs, dist/dist-sandbox-6fc0c9a3/build/Text/Libyaml.o )
[2 of 9] Compiling Data.Yaml.Internal ( Data/Yaml/Internal.hs, dist/dist-sandbox-6fc0c9a3/build/Data/Yaml/Internal.o )
[3 of 9] Compiling Data.Yaml        ( Data/Yaml.hs, dist/dist-sandbox-6fc0c9a3/build/Data/Yaml.o )
[4 of 9] Compiling Data.Yaml.Aeson  ( Data/Yaml/Aeson.hs, dist/dist-sandbox-6fc0c9a3/build/Data/Yaml/Aeson.o )
[5 of 9] Compiling Data.Yaml.Config ( Data/Yaml/Config.hs, dist/dist-sandbox-6fc0c9a3/build/Data/Yaml/Config.o )
[6 of 9] Compiling Data.Yaml.Builder ( Data/Yaml/Builder.hs, dist/dist-sandbox-6fc0c9a3/build/Data/Yaml/Builder.o )
[7 of 9] Compiling Data.Yaml.Pretty ( Data/Yaml/Pretty.hs, dist/dist-sandbox-6fc0c9a3/build/Data/Yaml/Pretty.o )
[8 of 9] Compiling Data.Yaml.Parser ( Data/Yaml/Parser.hs, dist/dist-sandbox-6fc0c9a3/build/Data/Yaml/Parser.o )
[9 of 9] Compiling Data.Yaml.Include ( Data/Yaml/Include.hs, dist/dist-sandbox-6fc0c9a3/build/Data/Yaml/Include.o )
In-place registering yaml-0.8.17.1...
Preprocessing executable 'yaml2json' for yaml-0.8.17.1...
[1 of 1] Compiling Main             ( exe/yaml2json.hs, dist/dist-sandbox-6fc0c9a3/build/yaml2json/yaml2json-tmp/Main.o )
Linking dist/dist-sandbox-6fc0c9a3/build/yaml2json/yaml2json ...
Preprocessing executable 'json2yaml' for yaml-0.8.17.1...
[1 of 1] Compiling Main             ( exe/json2yaml.hs, dist/dist-sandbox-6fc0c9a3/build/json2yaml/json2yaml-tmp/Main.o )
Linking dist/dist-sandbox-6fc0c9a3/build/json2yaml/json2yaml ...
Creating package registration file:
/tmp/pkgConf-yaml-0.8.1719103009252030449291.1
Installing library in
/home/human/Workspace/Haskell/myBlog/.cabal-sandbox/lib/x86_64-linux-ghc-7.10.3/yaml-0.8.17.1-EIh6a2UqYo08b6hd9S25A9
Installing executable(s) in
/home/human/Workspace/Haskell/myBlog/.cabal-sandbox/bin
Registering yaml-0.8.17.1...
