Configuring ReadArgs-1.2.2...
Building ReadArgs-1.2.2...
Preprocessing library ReadArgs-1.2.2...

ReadArgs.hs:1:77: Warning:
    -XOverlappingInstances is deprecated: instead use per-instance pragmas OVERLAPPING/OVERLAPPABLE/OVERLAPS
[1 of 1] Compiling ReadArgs         ( ReadArgs.hs, .stack-work/dist/x86_64-linux/Cabal-1.22.8.0/build/ReadArgs.o )
In-place registering ReadArgs-1.2.2...
Preprocessing executable 'ReadArgsEx' for ReadArgs-1.2.2...

ReadArgs.hs:1:77: Warning:
    -XOverlappingInstances is deprecated: instead use per-instance pragmas OVERLAPPING/OVERLAPPABLE/OVERLAPS
[1 of 2] Compiling ReadArgs         ( ReadArgs.hs, .stack-work/dist/x86_64-linux/Cabal-1.22.8.0/build/ReadArgsEx/ReadArgsEx-tmp/ReadArgs.o )
[2 of 2] Compiling Main             ( ReadArgsEx.hs, .stack-work/dist/x86_64-linux/Cabal-1.22.8.0/build/ReadArgsEx/ReadArgsEx-tmp/Main.o )

ReadArgs.hs:1:77: Warning:
    -XOverlappingInstances is deprecated: instead use per-instance pragmas OVERLAPPING/OVERLAPPABLE/OVERLAPS
Linking .stack-work/dist/x86_64-linux/Cabal-1.22.8.0/build/ReadArgsEx/ReadArgsEx ...
Installing library in
/home/human/.stack/snapshots/x86_64-linux/lts-5.14/7.10.3/lib/x86_64-linux-ghc-7.10.3/ReadArgs-1.2.2-6cFSpvK65fZLeOKMWH0GL4
Installing executable(s) in
/home/human/.stack/snapshots/x86_64-linux/lts-5.14/7.10.3/bin
Registering ReadArgs-1.2.2...
