Configuring tagstream-conduit-0.5.5.3...
Building tagstream-conduit-0.5.5.3...
Preprocessing library tagstream-conduit-0.5.5.3...
[1 of 6] Compiling Text.HTML.TagStream.Types ( Text/HTML/TagStream/Types.hs, .stack-work/dist/x86_64-linux/Cabal-1.22.8.0/build/Text/HTML/TagStream/Types.o )

Text/HTML/TagStream/Types.hs:3:1: Warning:
    The import of ‘Control.Applicative’ is redundant
      except perhaps to import instances from ‘Control.Applicative’
    To import instances alone, use: import Control.Applicative()

Text/HTML/TagStream/Types.hs:5:1: Warning:
    The import of ‘Data.Monoid’ is redundant
      except perhaps to import instances from ‘Data.Monoid’
    To import instances alone, use: import Data.Monoid()

Text/HTML/TagStream/Types.hs:6:1: Warning:
    The import of ‘Data.Foldable’ is redundant
      except perhaps to import instances from ‘Data.Foldable’
    To import instances alone, use: import Data.Foldable()

Text/HTML/TagStream/Types.hs:7:1: Warning:
    The import of ‘Data.Traversable’ is redundant
      except perhaps to import instances from ‘Data.Traversable’
    To import instances alone, use: import Data.Traversable()
[2 of 6] Compiling Text.HTML.TagStream.Entities ( Text/HTML/TagStream/Entities.hs, .stack-work/dist/x86_64-linux/Cabal-1.22.8.0/build/Text/HTML/TagStream/Entities.o )
[3 of 6] Compiling Text.HTML.TagStream.Utils ( Text/HTML/TagStream/Utils.hs, .stack-work/dist/x86_64-linux/Cabal-1.22.8.0/build/Text/HTML/TagStream/Utils.o )

Text/HTML/TagStream/Utils.hs:4:1: Warning:
    The import of ‘Data.Monoid’ is redundant
      except perhaps to import instances from ‘Data.Monoid’
    To import instances alone, use: import Data.Monoid()
[4 of 6] Compiling Text.HTML.TagStream.ByteString ( Text/HTML/TagStream/ByteString.hs, .stack-work/dist/x86_64-linux/Cabal-1.22.8.0/build/Text/HTML/TagStream/ByteString.o )

Text/HTML/TagStream/ByteString.hs:16:1: Warning:
    The import of ‘Data.Monoid’ is redundant
      except perhaps to import instances from ‘Data.Monoid’
    To import instances alone, use: import Data.Monoid()
[5 of 6] Compiling Text.HTML.TagStream.Text ( Text/HTML/TagStream/Text.hs, .stack-work/dist/x86_64-linux/Cabal-1.22.8.0/build/Text/HTML/TagStream/Text.o )

Text/HTML/TagStream/Text.hs:22:1: Warning:
    The import of ‘Data.Monoid’ is redundant
      except perhaps to import instances from ‘Data.Monoid’
    To import instances alone, use: import Data.Monoid()

Text/HTML/TagStream/Text.hs:162:14: Warning:
    In the use of ‘XML.parseText’
    (imported from Text.XML.Stream.Parse):
    Deprecated: "Please use 'parseText'' or 'parseTextPos'."
[6 of 6] Compiling Text.HTML.TagStream ( Text/HTML/TagStream.hs, .stack-work/dist/x86_64-linux/Cabal-1.22.8.0/build/Text/HTML/TagStream.o )
In-place registering tagstream-conduit-0.5.5.3...
Installing library in
/home/human/.stack/snapshots/x86_64-linux/lts-5.14/7.10.3/lib/x86_64-linux-ghc-7.10.3/tagstream-conduit-0.5.5.3-LeUcVHcdDB7DGEGaet78H7
Registering tagstream-conduit-0.5.5.3...
